[INFO    :   django.utils.autoreload] - 2024-02-12 21:09:56,500 : run_with_reloader @ 0668: Watching for file changes with StatReloader
[INFO    :             django.server] - 2024-02-12 21:10:01,679 : log_message @ 0212: "GET / HTTP/1.1" 200 13
[INFO    :             django.server] - 2024-02-12 21:10:25,925 : log_message @ 0212: "GET / HTTP/1.1" 200 13
[INFO    :   django.utils.autoreload] - 2024-02-12 21:35:35,952 : run_with_reloader @ 0668: Watching for file changes with StatReloader
[INFO    :   django.utils.autoreload] - 2024-02-12 21:36:25,558 : run_with_reloader @ 0668: Watching for file changes with StatReloader
[INFO    :             django.server] - 2024-02-12 21:36:30,565 : log_message @ 0212: "GET / HTTP/1.1" 200 13
[INFO    :   django.utils.autoreload] - 2024-02-12 21:51:13,914 : run_with_reloader @ 0668: Watching for file changes with StatReloader
[INFO    :             django.server] - 2024-02-12 21:51:21,172 : log_message @ 0212: "GET /admin HTTP/1.1" 301 0
[INFO    :             django.server] - 2024-02-12 21:51:21,187 : log_message @ 0212: "GET /admin/ HTTP/1.1" 302 0
[INFO    :             django.server] - 2024-02-12 21:51:21,374 : log_message @ 0212: "GET /admin/login/?next=/admin/ HTTP/1.1" 200 4359
[INFO    :             django.server] - 2024-02-12 21:51:21,560 : log_message @ 0212: "GET /static/admin/css/dark_mode.css HTTP/1.1" 200 2682
[INFO    :             django.server] - 2024-02-12 21:51:21,569 : log_message @ 0212: "GET /static/admin/css/base.css HTTP/1.1" 200 21544
[INFO    :             django.server] - 2024-02-12 21:51:21,575 : log_message @ 0212: "GET /static/admin/css/nav_sidebar.css HTTP/1.1" 200 2810
[INFO    :             django.server] - 2024-02-12 21:51:21,579 : log_message @ 0212: "GET /static/admin/css/login.css HTTP/1.1" 200 958
[INFO    :             django.server] - 2024-02-12 21:51:21,584 : log_message @ 0212: "GET /static/admin/css/responsive.css HTTP/1.1" 200 17905
[INFO    :             django.server] - 2024-02-12 21:51:21,595 : log_message @ 0212: "GET /static/admin/js/theme.js HTTP/1.1" 200 1943
[INFO    :             django.server] - 2024-02-12 21:51:21,595 : log_message @ 0212: "GET /static/admin/js/nav_sidebar.js HTTP/1.1" 200 3063
[INFO    :   django.utils.autoreload] - 2024-02-12 21:54:49,463 : run_with_reloader @ 0668: Watching for file changes with StatReloader
[INFO    :             django.server] - 2024-02-12 21:54:53,213 : log_message @ 0212: "POST /admin/login/?next=/admin/ HTTP/1.1" 302 0
[INFO    :             django.server] - 2024-02-12 21:54:53,288 : log_message @ 0212: "GET /admin/ HTTP/1.1" 200 5943
[INFO    :             django.server] - 2024-02-12 21:54:53,357 : log_message @ 0212: "GET /static/admin/css/dashboard.css HTTP/1.1" 200 441
[INFO    :             django.server] - 2024-02-12 21:54:53,397 : log_message @ 0212: "GET /static/admin/img/icon-changelink.svg HTTP/1.1" 200 380
[INFO    :             django.server] - 2024-02-12 21:54:53,397 : log_message @ 0212: "GET /static/admin/img/icon-addlink.svg HTTP/1.1" 200 331
[INFO    :             django.server] - 2024-02-12 21:55:02,030 : log_message @ 0212: "GET /admin/auth/user/ HTTP/1.1" 200 11910
[INFO    :             django.server] - 2024-02-12 21:55:02,070 : log_message @ 0212: "GET /static/admin/css/changelists.css HTTP/1.1" 200 6811
[INFO    :             django.server] - 2024-02-12 21:55:02,093 : log_message @ 0212: "GET /static/admin/js/jquery.init.js HTTP/1.1" 200 347
[INFO    :             django.server] - 2024-02-12 21:55:02,115 : log_message @ 0212: "GET /admin/jsi18n/ HTTP/1.1" 200 17546
[INFO    :             django.server] - 2024-02-12 21:55:02,119 : log_message @ 0212: "GET /static/admin/js/core.js HTTP/1.1" 200 6208
[INFO    :             django.server] - 2024-02-12 21:55:02,121 : log_message @ 0212: "GET /static/admin/js/actions.js HTTP/1.1" 200 8067
[INFO    :             django.server] - 2024-02-12 21:55:02,121 : log_message @ 0212: "GET /static/admin/js/admin/RelatedObjectLookups.js HTTP/1.1" 200 9042
[INFO    :             django.server] - 2024-02-12 21:55:02,133 : log_message @ 0212: "GET /static/admin/js/urlify.js HTTP/1.1" 200 7887
[INFO    :             django.server] - 2024-02-12 21:55:02,149 : log_message @ 0212: "GET /static/admin/img/search.svg HTTP/1.1" 200 458
[INFO    :             django.server] - 2024-02-12 21:55:02,149 : log_message @ 0212: "GET /static/admin/img/icon-yes.svg HTTP/1.1" 200 436
[INFO    :             django.server] - 2024-02-12 21:55:02,153 : log_message @ 0212: "GET /static/admin/js/prepopulate.js HTTP/1.1" 200 1531
[INFO    :             django.server] - 2024-02-12 21:55:02,218 : log_message @ 0212: "GET /static/admin/js/vendor/jquery/jquery.js HTTP/1.1" 200 285314
[INFO    :             django.server] - 2024-02-12 21:55:02,247 : log_message @ 0212: "GET /static/admin/js/filters.js HTTP/1.1" 200 978
[INFO    :             django.server] - 2024-02-12 21:55:02,293 : log_message @ 0212: "GET /static/admin/js/vendor/xregexp/xregexp.js HTTP/1.1" 200 325171
[INFO    :             django.server] - 2024-02-12 21:55:02,336 : log_message @ 0212: "GET /static/admin/img/tooltag-add.svg HTTP/1.1" 200 331
[INFO    :             django.server] - 2024-02-12 21:55:02,342 : log_message @ 0212: "GET /static/admin/img/icon-viewlink.svg HTTP/1.1" 200 581
[INFO    :             django.server] - 2024-02-12 21:55:02,345 : log_message @ 0212: "GET /static/admin/img/sorting-icons.svg HTTP/1.1" 200 1097
[INFO    :             django.server] - 2024-02-12 21:56:22,324 : log_message @ 0212: "GET /admin/auth/user/add/ HTTP/1.1" 200 11237
[INFO    :             django.server] - 2024-02-12 21:56:22,345 : log_message @ 0212: "GET /admin/jsi18n/ HTTP/1.1" 200 17546
[INFO    :             django.server] - 2024-02-12 21:56:22,357 : log_message @ 0212: "GET /static/admin/css/forms.css HTTP/1.1" 200 9090
[INFO    :             django.server] - 2024-02-12 21:56:22,363 : log_message @ 0212: "GET /static/admin/js/prepopulate_init.js HTTP/1.1" 200 586
[INFO    :             django.server] - 2024-02-12 21:56:22,383 : log_message @ 0212: "GET /static/admin/css/widgets.css HTTP/1.1" 200 11800
[INFO    :             django.server] - 2024-02-12 21:56:22,387 : log_message @ 0212: "GET /static/admin/js/change_form.js HTTP/1.1" 200 606
[INFO    :             django.server] - 2024-02-12 21:56:42,588 : log_message @ 0212: "POST /admin/auth/user/add/ HTTP/1.1" 200 11481
[INFO    :             django.server] - 2024-02-12 21:56:42,602 : log_message @ 0212: "GET /admin/jsi18n/ HTTP/1.1" 200 17546
[INFO    :             django.server] - 2024-02-12 21:56:55,657 : log_message @ 0212: "POST /admin/auth/user/add/ HTTP/1.1" 302 0
[INFO    :             django.server] - 2024-02-12 21:56:55,779 : log_message @ 0212: "GET /admin/auth/user/2/change/ HTTP/1.1" 200 23494
[INFO    :             django.server] - 2024-02-12 21:56:55,800 : log_message @ 0212: "GET /admin/jsi18n/ HTTP/1.1" 200 17546
[INFO    :             django.server] - 2024-02-12 21:56:55,823 : log_message @ 0212: "GET /static/admin/js/calendar.js HTTP/1.1" 200 9141
[INFO    :             django.server] - 2024-02-12 21:56:55,828 : log_message @ 0212: "GET /static/admin/js/admin/DateTimeShortcuts.js HTTP/1.1" 200 19319
[INFO    :             django.server] - 2024-02-12 21:56:55,828 : log_message @ 0212: "GET /static/admin/js/SelectFilter2.js HTTP/1.1" 200 15492
[INFO    :             django.server] - 2024-02-12 21:56:55,829 : log_message @ 0212: "GET /static/admin/js/SelectBox.js HTTP/1.1" 200 4530
[INFO    :             django.server] - 2024-02-12 21:56:55,918 : log_message @ 0212: "GET /static/admin/img/icon-clock.svg HTTP/1.1" 200 677
[INFO    :             django.server] - 2024-02-12 21:56:55,922 : log_message @ 0212: "GET /static/admin/img/icon-unknown.svg HTTP/1.1" 200 655
[INFO    :             django.server] - 2024-02-12 21:56:55,923 : log_message @ 0212: "GET /static/admin/img/icon-calendar.svg HTTP/1.1" 200 1086
[INFO    :             django.server] - 2024-02-12 21:56:55,923 : log_message @ 0212: "GET /static/admin/img/selector-icons.svg HTTP/1.1" 200 3291
[INFO    :             django.server] - 2024-02-12 21:56:55,923 : log_message @ 0212: "GET /static/admin/img/icon-unknown-alt.svg HTTP/1.1" 200 655
[INFO    :             django.server] - 2024-02-12 21:57:18,003 : log_message @ 0212: "GET /admin/auth/group/ HTTP/1.1" 200 7782
[INFO    :             django.server] - 2024-02-12 21:57:18,018 : log_message @ 0212: "GET /admin/jsi18n/ HTTP/1.1" 200 17546
[INFO    :             django.server] - 2024-02-12 21:57:18,618 : log_message @ 0212: "GET /admin/auth/user/ HTTP/1.1" 200 12415
[INFO    :             django.server] - 2024-02-12 21:57:18,633 : log_message @ 0212: "GET /admin/jsi18n/ HTTP/1.1" 200 17546
[INFO    :             django.server] - 2024-02-12 21:57:18,644 : log_message @ 0212: "GET /static/admin/img/icon-no.svg HTTP/1.1" 200 560
[INFO    :             django.server] - 2024-02-12 21:57:21,140 : log_message @ 0212: "GET /admin/auth/user/2/change/ HTTP/1.1" 200 23195
[INFO    :             django.server] - 2024-02-12 21:57:21,165 : log_message @ 0212: "GET /admin/jsi18n/ HTTP/1.1" 200 17546
[INFO    :             django.server] - 2024-02-12 21:57:27,214 : log_message @ 0212: "POST /admin/auth/user/2/change/ HTTP/1.1" 302 0
[INFO    :             django.server] - 2024-02-12 21:57:27,237 : log_message @ 0212: "GET /admin/auth/user/ HTTP/1.1" 200 12638
[INFO    :             django.server] - 2024-02-12 21:57:27,261 : log_message @ 0212: "GET /admin/jsi18n/ HTTP/1.1" 200 17546
[INFO    :   django.utils.autoreload] - 2024-02-12 22:48:59,743 : run_with_reloader @ 0668: Watching for file changes with StatReloader
[INFO    :             django.server] - 2024-02-12 22:49:02,517 : log_message @ 0212: "GET /admin/auth/user/add/ HTTP/1.1" 200 11237
[INFO    :             django.server] - 2024-02-12 22:49:02,548 : log_message @ 0212: "GET /static/admin/css/base.css HTTP/1.1" 304 0
[INFO    :             django.server] - 2024-02-12 22:49:02,555 : log_message @ 0212: "GET /static/admin/css/dark_mode.css HTTP/1.1" 304 0
[INFO    :             django.server] - 2024-02-12 22:49:02,561 : log_message @ 0212: "GET /static/admin/css/nav_sidebar.css HTTP/1.1" 304 0
[INFO    :             django.server] - 2024-02-12 22:49:02,562 : log_message @ 0212: "GET /static/admin/js/jquery.init.js HTTP/1.1" 304 0
[INFO    :             django.server] - 2024-02-12 22:49:02,565 : log_message @ 0212: "GET /static/admin/css/forms.css HTTP/1.1" 304 0
[INFO    :             django.server] - 2024-02-12 22:49:02,572 : log_message @ 0212: "GET /static/admin/js/vendor/jquery/jquery.js HTTP/1.1" 304 0
[INFO    :             django.server] - 2024-02-12 22:49:02,580 : log_message @ 0212: "GET /static/admin/css/responsive.css HTTP/1.1" 304 0
[INFO    :             django.server] - 2024-02-12 22:49:02,590 : log_message @ 0212: "GET /static/admin/js/admin/RelatedObjectLookups.js HTTP/1.1" 304 0
[INFO    :             django.server] - 2024-02-12 22:49:02,606 : log_message @ 0212: "GET /static/admin/js/core.js HTTP/1.1" 304 0
[INFO    :             django.server] - 2024-02-12 22:49:02,608 : log_message @ 0212: "GET /static/admin/js/actions.js HTTP/1.1" 304 0
[INFO    :             django.server] - 2024-02-12 22:49:02,610 : log_message @ 0212: "GET /static/admin/js/urlify.js HTTP/1.1" 304 0
[INFO    :             django.server] - 2024-02-12 22:49:02,616 : log_message @ 0212: "GET /static/admin/js/vendor/xregexp/xregexp.js HTTP/1.1" 304 0
[INFO    :             django.server] - 2024-02-12 22:49:02,616 : log_message @ 0212: "GET /static/admin/js/prepopulate.js HTTP/1.1" 304 0
[INFO    :             django.server] - 2024-02-12 22:49:02,621 : log_message @ 0212: "GET /static/admin/js/prepopulate_init.js HTTP/1.1" 304 0
[INFO    :             django.server] - 2024-02-12 22:49:02,624 : log_message @ 0212: "GET /static/admin/css/widgets.css HTTP/1.1" 304 0
[INFO    :             django.server] - 2024-02-12 22:49:02,640 : log_message @ 0212: "GET /static/admin/js/theme.js HTTP/1.1" 304 0
[INFO    :             django.server] - 2024-02-12 22:49:02,647 : log_message @ 0212: "GET /static/admin/js/nav_sidebar.js HTTP/1.1" 304 0
[INFO    :             django.server] - 2024-02-12 22:49:02,652 : log_message @ 0212: "GET /static/admin/js/change_form.js HTTP/1.1" 304 0
[INFO    :             django.server] - 2024-02-12 22:49:02,672 : log_message @ 0212: "GET /admin/jsi18n/ HTTP/1.1" 200 17546
[INFO    :             django.server] - 2024-02-12 22:49:02,750 : log_message @ 0212: "GET /static/admin/img/icon-addlink.svg HTTP/1.1" 304 0
[INFO    :             django.server] - 2024-02-12 22:49:21,009 : log_message @ 0212: "POST /admin/auth/user/add/ HTTP/1.1" 302 0
[INFO    :             django.server] - 2024-02-12 22:49:21,039 : log_message @ 0212: "GET /admin/auth/user/add/ HTTP/1.1" 200 11548
[INFO    :             django.server] - 2024-02-12 22:49:21,071 : log_message @ 0212: "GET /admin/jsi18n/ HTTP/1.1" 200 17546
[INFO    :             django.server] - 2024-02-12 22:49:21,137 : log_message @ 0212: "GET /static/admin/img/icon-yes.svg HTTP/1.1" 304 0
[INFO    :             django.server] - 2024-02-12 22:49:34,785 : log_message @ 0212: "POST /admin/auth/user/add/ HTTP/1.1" 302 0
[INFO    :             django.server] - 2024-02-12 22:49:34,801 : log_message @ 0212: "GET /admin/auth/user/add/ HTTP/1.1" 200 11548
[INFO    :             django.server] - 2024-02-12 22:49:34,821 : log_message @ 0212: "GET /admin/jsi18n/ HTTP/1.1" 200 17546
[INFO    :             django.server] - 2024-02-12 22:49:49,251 : log_message @ 0212: "POST /admin/auth/user/add/ HTTP/1.1" 302 0
[INFO    :             django.server] - 2024-02-12 22:49:49,269 : log_message @ 0212: "GET /admin/auth/user/add/ HTTP/1.1" 200 11548
[INFO    :             django.server] - 2024-02-12 22:49:49,290 : log_message @ 0212: "GET /admin/jsi18n/ HTTP/1.1" 200 17546
[INFO    :             django.server] - 2024-02-12 22:50:01,009 : log_message @ 0212: "POST /admin/auth/user/add/ HTTP/1.1" 302 0
[INFO    :             django.server] - 2024-02-12 22:50:01,140 : log_message @ 0212: "GET /admin/auth/user/6/change/ HTTP/1.1" 200 23494
[INFO    :             django.server] - 2024-02-12 22:50:01,156 : log_message @ 0212: "GET /static/admin/js/calendar.js HTTP/1.1" 304 0
[INFO    :             django.server] - 2024-02-12 22:50:01,162 : log_message @ 0212: "GET /static/admin/js/admin/DateTimeShortcuts.js HTTP/1.1" 304 0
[INFO    :             django.server] - 2024-02-12 22:50:01,162 : log_message @ 0212: "GET /static/admin/js/SelectFilter2.js HTTP/1.1" 304 0
[INFO    :             django.server] - 2024-02-12 22:50:01,163 : log_message @ 0212: "GET /static/admin/js/SelectBox.js HTTP/1.1" 304 0
[INFO    :             django.server] - 2024-02-12 22:50:01,167 : log_message @ 0212: "GET /admin/jsi18n/ HTTP/1.1" 200 17546
[INFO    :             django.server] - 2024-02-12 22:50:01,253 : log_message @ 0212: "GET /static/admin/img/icon-unknown.svg HTTP/1.1" 304 0
[INFO    :             django.server] - 2024-02-12 22:50:01,254 : log_message @ 0212: "GET /static/admin/img/search.svg HTTP/1.1" 304 0
[INFO    :             django.server] - 2024-02-12 22:50:01,258 : log_message @ 0212: "GET /static/admin/img/selector-icons.svg HTTP/1.1" 304 0
[INFO    :             django.server] - 2024-02-12 22:50:01,258 : log_message @ 0212: "GET /static/admin/img/icon-unknown-alt.svg HTTP/1.1" 304 0
[INFO    :             django.server] - 2024-02-12 22:50:01,259 : log_message @ 0212: "GET /static/admin/img/icon-calendar.svg HTTP/1.1" 304 0
[INFO    :             django.server] - 2024-02-12 22:50:01,261 : log_message @ 0212: "GET /static/admin/img/icon-clock.svg HTTP/1.1" 304 0
[INFO    :             django.server] - 2024-02-12 22:50:06,191 : log_message @ 0212: "GET /admin/auth/user/ HTTP/1.1" 200 14435
[INFO    :             django.server] - 2024-02-12 22:50:06,203 : log_message @ 0212: "GET /static/admin/css/changelists.css HTTP/1.1" 304 0
[INFO    :             django.server] - 2024-02-12 22:50:06,204 : log_message @ 0212: "GET /static/admin/img/icon-no.svg HTTP/1.1" 304 0
[INFO    :             django.server] - 2024-02-12 22:50:06,209 : log_message @ 0212: "GET /admin/jsi18n/ HTTP/1.1" 200 17546
[INFO    :             django.server] - 2024-02-12 22:50:06,214 : log_message @ 0212: "GET /static/admin/js/filters.js HTTP/1.1" 304 0
[INFO    :             django.server] - 2024-02-12 22:50:06,264 : log_message @ 0212: "GET /static/admin/img/tooltag-add.svg HTTP/1.1" 304 0
[INFO    :             django.server] - 2024-02-12 22:50:06,270 : log_message @ 0212: "GET /static/admin/img/sorting-icons.svg HTTP/1.1" 304 0
[INFO    :             django.server] - 2024-02-12 22:50:06,272 : log_message @ 0212: "GET /static/admin/img/icon-viewlink.svg HTTP/1.1" 304 0
[INFO    :             django.server] - 2024-02-12 22:50:08,407 : log_message @ 0212: "GET /admin/auth/user/3/change/ HTTP/1.1" 200 23195
[INFO    :             django.server] - 2024-02-12 22:50:08,424 : log_message @ 0212: "GET /admin/jsi18n/ HTTP/1.1" 200 17546
[INFO    :             django.server] - 2024-02-12 22:50:12,363 : log_message @ 0212: "POST /admin/auth/user/3/change/ HTTP/1.1" 302 0
[INFO    :             django.server] - 2024-02-12 22:50:12,396 : log_message @ 0212: "GET /admin/auth/user/ HTTP/1.1" 200 14658
[INFO    :             django.server] - 2024-02-12 22:50:12,414 : log_message @ 0212: "GET /admin/jsi18n/ HTTP/1.1" 200 17546
[INFO    :             django.server] - 2024-02-12 22:50:14,353 : log_message @ 0212: "GET /admin/auth/user/4/change/ HTTP/1.1" 200 23195
[INFO    :             django.server] - 2024-02-12 22:50:14,368 : log_message @ 0212: "GET /admin/jsi18n/ HTTP/1.1" 200 17546
[INFO    :             django.server] - 2024-02-12 22:50:18,600 : log_message @ 0212: "POST /admin/auth/user/4/change/ HTTP/1.1" 302 0
[INFO    :             django.server] - 2024-02-12 22:50:18,639 : log_message @ 0212: "GET /admin/auth/user/ HTTP/1.1" 200 14658
[INFO    :             django.server] - 2024-02-12 22:50:18,658 : log_message @ 0212: "GET /admin/jsi18n/ HTTP/1.1" 200 17546
[INFO    :             django.server] - 2024-02-12 22:50:20,848 : log_message @ 0212: "GET /admin/auth/user/5/change/ HTTP/1.1" 200 23195
[INFO    :             django.server] - 2024-02-12 22:50:20,862 : log_message @ 0212: "GET /admin/jsi18n/ HTTP/1.1" 200 17546
[INFO    :             django.server] - 2024-02-12 22:50:25,322 : log_message @ 0212: "POST /admin/auth/user/5/change/ HTTP/1.1" 302 0
[INFO    :             django.server] - 2024-02-12 22:50:25,362 : log_message @ 0212: "GET /admin/auth/user/ HTTP/1.1" 200 14658
[INFO    :             django.server] - 2024-02-12 22:50:25,387 : log_message @ 0212: "GET /admin/jsi18n/ HTTP/1.1" 200 17546
[INFO    :             django.server] - 2024-02-12 22:50:27,409 : log_message @ 0212: "GET /admin/auth/user/6/change/ HTTP/1.1" 200 23195
[INFO    :             django.server] - 2024-02-12 22:50:27,427 : log_message @ 0212: "GET /admin/jsi18n/ HTTP/1.1" 200 17546
[INFO    :             django.server] - 2024-02-12 22:50:31,720 : log_message @ 0212: "POST /admin/auth/user/6/change/ HTTP/1.1" 302 0
[INFO    :             django.server] - 2024-02-12 22:50:31,764 : log_message @ 0212: "GET /admin/auth/user/ HTTP/1.1" 200 14658
[INFO    :             django.server] - 2024-02-12 22:50:31,782 : log_message @ 0212: "GET /admin/jsi18n/ HTTP/1.1" 200 17546
